<?xml version="1.0" encoding="UTF-8"?>
<!-- Generated by org.testng.reporters.JUnitReportReporter -->
<testsuite hostname="MSTEMP188SOPHIYA" name="mail_extentReport.Mail_report" tests="1" failures="0" timestamp="2 Mar 2017 11:49:41 GMT" time="24.499" errors="0">
  <testcase name="send_report" time="24.499" classname="mail_extentReport.Mail_report"/>
</testsuite> <!-- mail_extentReport.Mail_report -->
