<?xml version="1.0" encoding="UTF-8"?>
<!-- Generated by org.testng.reporters.JUnitReportReporter -->
<testsuite hostname="Ashok" name="mail_extentReport.Mail_report" tests="1" failures="0" timestamp="2 Mar 2017 23:49:13 GMT" time="6.460" errors="0">
  <testcase name="send_report" time="6.460" classname="mail_extentReport.Mail_report"/>
</testsuite> <!-- mail_extentReport.Mail_report -->
