<?xml version="1.0" encoding="UTF-8"?>
<!-- Generated by org.testng.reporters.JUnitReportReporter -->
<testsuite hostname="MSTEMP188SOPHIYA" name="com.mst.selenium.mail.Mail_report" tests="1" failures="0" timestamp="3 Mar 2017 09:38:58 GMT" time="22.260" errors="0">
  <testcase name="send_report" time="22.260" classname="com.mst.selenium.mail.Mail_report"/>
</testsuite> <!-- com.mst.selenium.mail.Mail_report -->
